Terminals unused in grammar

   LOWER_THAN_ELSE


语法

    0 $accept: Program $end

    1 Program: ExtDefList

    2 ExtDefList: /* 空 */
    3           | ExtDef ExtDefList

    4 ExtDef: Specifier ExtDecList SEMI
    5       | Specifier SEMI
    6       | Specifier FunDec CompSt

    7 ExtDecList: VarDec
    8           | VarDec COMMA ExtDecList

    9 Specifier: TYPE
   10          | StructSpecifier

   11 StructSpecifier: STRUCT OptTag LC DefList RC
   12                | STRUCT Tag

   13 OptTag: /* 空 */
   14       | ID

   15 Tag: ID

   16 VarDec: ID
   17       | VarDec LB INT RB

   18 FunDec: ID LP VarList RP
   19       | ID LP RP

   20 VarList: ParamDec COMMA VarList
   21        | ParamDec

   22 ParamDec: Specifier VarDec

   23 CompSt: LC DefList StmtList RC

   24 StmtList: Stmt StmtList
   25         | /* 空 */

   26 Stmt: Exp SEMI
   27     | CompSt
   28     | RETURN Exp SEMI
   29     | IF LP Exp RP Stmt
   30     | IF LP Exp RP Stmt ELSE Stmt
   31     | WHILE LP Exp RP Stmt

   32 DefList: Def DefList
   33        | /* 空 */

   34 Def: Specifier DecList SEMI

   35 DecList: Dec
   36        | Dec COMMA DecList

   37 Dec: VarDec
   38    | VarDec ASSIGNOP Exp

   39 Exp: Exp ASSIGNOP Exp
   40    | Exp AND Exp
   41    | Exp OR Exp
   42    | Exp RELOP Exp
   43    | Exp PLUS Exp
   44    | Exp MINUS Exp
   45    | Exp STAR Exp
   46    | Exp DIV Exp
   47    | LP Exp RP
   48    | MINUS Exp
   49    | NOT Exp
   50    | ID LP Args RP
   51    | ID LP RP
   52    | Exp LB Exp RB
   53    | Exp DOT ID
   54    | ID
   55    | INT
   56    | FLOAT

   57 Args: Exp COMMA Args
   58     | Exp


Terminals, with rules where they appear

$end (0) 0
error (256)
INT (258) 17 55
FLOAT (259) 56
ID (260) 14 15 16 18 19 50 51 53 54
SEMI (261) 4 5 26 28 34
COMMA (262) 8 20 36 57
ASSIGNOP (263) 38 39
RELOP (264) 42
PLUS (265) 43
MINUS (266) 44 48
STAR (267) 45
DIV (268) 46
AND (269) 40
OR (270) 41
NOT (271) 49
DOT (272) 53
TYPE (273) 9
LP (274) 18 19 29 30 31 47 50 51
RP (275) 18 19 29 30 31 47 50 51
LB (276) 17 52
RB (277) 17 52
LC (278) 11 23
RC (279) 11 23
STRUCT (280) 11 12
RETURN (281) 28
IF (282) 29 30
ELSE (283) 30
WHILE (284) 31
LOWER_THAN_ELSE (285)


Nonterminals, with rules where they appear

$accept (31)
    左： 0
Program (32)
    左： 1, 右： 0
ExtDefList (33)
    左： 2 3, 右： 1 3
ExtDef (34)
    左： 4 5 6, 右： 3
ExtDecList (35)
    左： 7 8, 右： 4 8
Specifier (36)
    左： 9 10, 右： 4 5 6 22 34
StructSpecifier (37)
    左： 11 12, 右： 10
OptTag (38)
    左： 13 14, 右： 11
Tag (39)
    左： 15, 右： 12
VarDec (40)
    左： 16 17, 右： 7 8 17 22 37 38
FunDec (41)
    左： 18 19, 右： 6
VarList (42)
    左： 20 21, 右： 18 20
ParamDec (43)
    左： 22, 右： 20 21
CompSt (44)
    左： 23, 右： 6 27
StmtList (45)
    左： 24 25, 右： 23 24
Stmt (46)
    左： 26 27 28 29 30 31, 右： 24 29 30 31
DefList (47)
    左： 32 33, 右： 11 23 32
Def (48)
    左： 34, 右： 32
DecList (49)
    左： 35 36, 右： 34 36
Dec (50)
    左： 37 38, 右： 35 36
Exp (51)
    左： 39 40 41 42 43 44 45 46 47 48 49 50 51 52 53 54 55 56, 右：
    26 28 29 30 31 38 39 40 41 42 43 44 45 46 47 48 49 52 53 57 58
Args (52)
    左： 57 58, 右： 50 57


状态 0

    0 $accept: . Program $end

    TYPE    shift, and go to state 1
    STRUCT  shift, and go to state 2

    $default  reduce using rule 2 (ExtDefList)

    Program          转到状态3
    ExtDefList       转到状态4
    ExtDef           转到状态5
    Specifier        转到状态6
    StructSpecifier  转到状态7


状态 1

    9 Specifier: TYPE .

    $default  reduce using rule 9 (Specifier)


状态 2

   11 StructSpecifier: STRUCT . OptTag LC DefList RC
   12                | STRUCT . Tag

    ID  shift, and go to state 8

    $default  reduce using rule 13 (OptTag)

    OptTag  转到状态9
    Tag     转到状态10


状态 3

    0 $accept: Program . $end

    $end  shift, and go to state 11


状态 4

    1 Program: ExtDefList .

    $default  reduce using rule 1 (Program)


状态 5

    3 ExtDefList: ExtDef . ExtDefList

    TYPE    shift, and go to state 1
    STRUCT  shift, and go to state 2

    $default  reduce using rule 2 (ExtDefList)

    ExtDefList       转到状态12
    ExtDef           转到状态5
    Specifier        转到状态6
    StructSpecifier  转到状态7


状态 6

    4 ExtDef: Specifier . ExtDecList SEMI
    5       | Specifier . SEMI
    6       | Specifier . FunDec CompSt

    ID    shift, and go to state 13
    SEMI  shift, and go to state 14

    ExtDecList  转到状态15
    VarDec      转到状态16
    FunDec      转到状态17


状态 7

   10 Specifier: StructSpecifier .

    $default  reduce using rule 10 (Specifier)


状态 8

   14 OptTag: ID .
   15 Tag: ID .

    LC        reduce using rule 14 (OptTag)
    $default  reduce using rule 15 (Tag)


状态 9

   11 StructSpecifier: STRUCT OptTag . LC DefList RC

    LC  shift, and go to state 18


状态 10

   12 StructSpecifier: STRUCT Tag .

    $default  reduce using rule 12 (StructSpecifier)


状态 11

    0 $accept: Program $end .

    $default  接受


状态 12

    3 ExtDefList: ExtDef ExtDefList .

    $default  reduce using rule 3 (ExtDefList)


状态 13

   16 VarDec: ID .
   18 FunDec: ID . LP VarList RP
   19       | ID . LP RP

    LP  shift, and go to state 19

    $default  reduce using rule 16 (VarDec)


状态 14

    5 ExtDef: Specifier SEMI .

    $default  reduce using rule 5 (ExtDef)


状态 15

    4 ExtDef: Specifier ExtDecList . SEMI

    SEMI  shift, and go to state 20


状态 16

    7 ExtDecList: VarDec .
    8           | VarDec . COMMA ExtDecList
   17 VarDec: VarDec . LB INT RB

    COMMA  shift, and go to state 21
    LB     shift, and go to state 22

    $default  reduce using rule 7 (ExtDecList)


状态 17

    6 ExtDef: Specifier FunDec . CompSt

    LC  shift, and go to state 23

    CompSt  转到状态24


状态 18

   11 StructSpecifier: STRUCT OptTag LC . DefList RC

    TYPE    shift, and go to state 1
    STRUCT  shift, and go to state 2

    $default  reduce using rule 33 (DefList)

    Specifier        转到状态25
    StructSpecifier  转到状态7
    DefList          转到状态26
    Def              转到状态27


状态 19

   18 FunDec: ID LP . VarList RP
   19       | ID LP . RP

    TYPE    shift, and go to state 1
    RP      shift, and go to state 28
    STRUCT  shift, and go to state 2

    Specifier        转到状态29
    StructSpecifier  转到状态7
    VarList          转到状态30
    ParamDec         转到状态31


状态 20

    4 ExtDef: Specifier ExtDecList SEMI .

    $default  reduce using rule 4 (ExtDef)


状态 21

    8 ExtDecList: VarDec COMMA . ExtDecList

    ID  shift, and go to state 32

    ExtDecList  转到状态33
    VarDec      转到状态16


状态 22

   17 VarDec: VarDec LB . INT RB

    INT  shift, and go to state 34


状态 23

   23 CompSt: LC . DefList StmtList RC

    TYPE    shift, and go to state 1
    STRUCT  shift, and go to state 2

    $default  reduce using rule 33 (DefList)

    Specifier        转到状态25
    StructSpecifier  转到状态7
    DefList          转到状态35
    Def              转到状态27


状态 24

    6 ExtDef: Specifier FunDec CompSt .

    $default  reduce using rule 6 (ExtDef)


状态 25

   34 Def: Specifier . DecList SEMI

    ID  shift, and go to state 32

    VarDec   转到状态36
    DecList  转到状态37
    Dec      转到状态38


状态 26

   11 StructSpecifier: STRUCT OptTag LC DefList . RC

    RC  shift, and go to state 39


状态 27

   32 DefList: Def . DefList

    TYPE    shift, and go to state 1
    STRUCT  shift, and go to state 2

    $default  reduce using rule 33 (DefList)

    Specifier        转到状态25
    StructSpecifier  转到状态7
    DefList          转到状态40
    Def              转到状态27


状态 28

   19 FunDec: ID LP RP .

    $default  reduce using rule 19 (FunDec)


状态 29

   22 ParamDec: Specifier . VarDec

    ID  shift, and go to state 32

    VarDec  转到状态41


状态 30

   18 FunDec: ID LP VarList . RP

    RP  shift, and go to state 42


状态 31

   20 VarList: ParamDec . COMMA VarList
   21        | ParamDec .

    COMMA  shift, and go to state 43

    $default  reduce using rule 21 (VarList)


状态 32

   16 VarDec: ID .

    $default  reduce using rule 16 (VarDec)


状态 33

    8 ExtDecList: VarDec COMMA ExtDecList .

    $default  reduce using rule 8 (ExtDecList)


状态 34

   17 VarDec: VarDec LB INT . RB

    RB  shift, and go to state 44


状态 35

   23 CompSt: LC DefList . StmtList RC

    INT     shift, and go to state 45
    FLOAT   shift, and go to state 46
    ID      shift, and go to state 47
    MINUS   shift, and go to state 48
    NOT     shift, and go to state 49
    LP      shift, and go to state 50
    LC      shift, and go to state 23
    RETURN  shift, and go to state 51
    IF      shift, and go to state 52
    WHILE   shift, and go to state 53

    $default  reduce using rule 25 (StmtList)

    CompSt    转到状态54
    StmtList  转到状态55
    Stmt      转到状态56
    Exp       转到状态57


状态 36

   17 VarDec: VarDec . LB INT RB
   37 Dec: VarDec .
   38    | VarDec . ASSIGNOP Exp

    ASSIGNOP  shift, and go to state 58
    LB        shift, and go to state 22

    $default  reduce using rule 37 (Dec)


状态 37

   34 Def: Specifier DecList . SEMI

    SEMI  shift, and go to state 59


状态 38

   35 DecList: Dec .
   36        | Dec . COMMA DecList

    COMMA  shift, and go to state 60

    $default  reduce using rule 35 (DecList)


状态 39

   11 StructSpecifier: STRUCT OptTag LC DefList RC .

    $default  reduce using rule 11 (StructSpecifier)


状态 40

   32 DefList: Def DefList .

    $default  reduce using rule 32 (DefList)


状态 41

   17 VarDec: VarDec . LB INT RB
   22 ParamDec: Specifier VarDec .

    LB  shift, and go to state 22

    $default  reduce using rule 22 (ParamDec)


状态 42

   18 FunDec: ID LP VarList RP .

    $default  reduce using rule 18 (FunDec)


状态 43

   20 VarList: ParamDec COMMA . VarList

    TYPE    shift, and go to state 1
    STRUCT  shift, and go to state 2

    Specifier        转到状态29
    StructSpecifier  转到状态7
    VarList          转到状态61
    ParamDec         转到状态31


状态 44

   17 VarDec: VarDec LB INT RB .

    $default  reduce using rule 17 (VarDec)


状态 45

   55 Exp: INT .

    $default  reduce using rule 55 (Exp)


状态 46

   56 Exp: FLOAT .

    $default  reduce using rule 56 (Exp)


状态 47

   50 Exp: ID . LP Args RP
   51    | ID . LP RP
   54    | ID .

    LP  shift, and go to state 62

    $default  reduce using rule 54 (Exp)


状态 48

   48 Exp: MINUS . Exp

    INT    shift, and go to state 45
    FLOAT  shift, and go to state 46
    ID     shift, and go to state 47
    MINUS  shift, and go to state 48
    NOT    shift, and go to state 49
    LP     shift, and go to state 50

    Exp  转到状态63


状态 49

   49 Exp: NOT . Exp

    INT    shift, and go to state 45
    FLOAT  shift, and go to state 46
    ID     shift, and go to state 47
    MINUS  shift, and go to state 48
    NOT    shift, and go to state 49
    LP     shift, and go to state 50

    Exp  转到状态64


状态 50

   47 Exp: LP . Exp RP

    INT    shift, and go to state 45
    FLOAT  shift, and go to state 46
    ID     shift, and go to state 47
    MINUS  shift, and go to state 48
    NOT    shift, and go to state 49
    LP     shift, and go to state 50

    Exp  转到状态65


状态 51

   28 Stmt: RETURN . Exp SEMI

    INT    shift, and go to state 45
    FLOAT  shift, and go to state 46
    ID     shift, and go to state 47
    MINUS  shift, and go to state 48
    NOT    shift, and go to state 49
    LP     shift, and go to state 50

    Exp  转到状态66


状态 52

   29 Stmt: IF . LP Exp RP Stmt
   30     | IF . LP Exp RP Stmt ELSE Stmt

    LP  shift, and go to state 67


状态 53

   31 Stmt: WHILE . LP Exp RP Stmt

    LP  shift, and go to state 68


状态 54

   27 Stmt: CompSt .

    $default  reduce using rule 27 (Stmt)


状态 55

   23 CompSt: LC DefList StmtList . RC

    RC  shift, and go to state 69


状态 56

   24 StmtList: Stmt . StmtList

    INT     shift, and go to state 45
    FLOAT   shift, and go to state 46
    ID      shift, and go to state 47
    MINUS   shift, and go to state 48
    NOT     shift, and go to state 49
    LP      shift, and go to state 50
    LC      shift, and go to state 23
    RETURN  shift, and go to state 51
    IF      shift, and go to state 52
    WHILE   shift, and go to state 53

    $default  reduce using rule 25 (StmtList)

    CompSt    转到状态54
    StmtList  转到状态70
    Stmt      转到状态56
    Exp       转到状态57


状态 57

   26 Stmt: Exp . SEMI
   39 Exp: Exp . ASSIGNOP Exp
   40    | Exp . AND Exp
   41    | Exp . OR Exp
   42    | Exp . RELOP Exp
   43    | Exp . PLUS Exp
   44    | Exp . MINUS Exp
   45    | Exp . STAR Exp
   46    | Exp . DIV Exp
   52    | Exp . LB Exp RB
   53    | Exp . DOT ID

    SEMI      shift, and go to state 71
    ASSIGNOP  shift, and go to state 72
    RELOP     shift, and go to state 73
    PLUS      shift, and go to state 74
    MINUS     shift, and go to state 75
    STAR      shift, and go to state 76
    DIV       shift, and go to state 77
    AND       shift, and go to state 78
    OR        shift, and go to state 79
    DOT       shift, and go to state 80
    LB        shift, and go to state 81


状态 58

   38 Dec: VarDec ASSIGNOP . Exp

    INT    shift, and go to state 45
    FLOAT  shift, and go to state 46
    ID     shift, and go to state 47
    MINUS  shift, and go to state 48
    NOT    shift, and go to state 49
    LP     shift, and go to state 50

    Exp  转到状态82


状态 59

   34 Def: Specifier DecList SEMI .

    $default  reduce using rule 34 (Def)


状态 60

   36 DecList: Dec COMMA . DecList

    ID  shift, and go to state 32

    VarDec   转到状态36
    DecList  转到状态83
    Dec      转到状态38


状态 61

   20 VarList: ParamDec COMMA VarList .

    $default  reduce using rule 20 (VarList)


状态 62

   50 Exp: ID LP . Args RP
   51    | ID LP . RP

    INT    shift, and go to state 45
    FLOAT  shift, and go to state 46
    ID     shift, and go to state 47
    MINUS  shift, and go to state 48
    NOT    shift, and go to state 49
    LP     shift, and go to state 50
    RP     shift, and go to state 84

    Exp   转到状态85
    Args  转到状态86


状态 63

   39 Exp: Exp . ASSIGNOP Exp
   40    | Exp . AND Exp
   41    | Exp . OR Exp
   42    | Exp . RELOP Exp
   43    | Exp . PLUS Exp
   44    | Exp . MINUS Exp
   45    | Exp . STAR Exp
   46    | Exp . DIV Exp
   48    | MINUS Exp .
   52    | Exp . LB Exp RB
   53    | Exp . DOT ID

    STAR  shift, and go to state 76
    DIV   shift, and go to state 77
    DOT   shift, and go to state 80
    LB    shift, and go to state 81

    $default  reduce using rule 48 (Exp)


状态 64

   39 Exp: Exp . ASSIGNOP Exp
   40    | Exp . AND Exp
   41    | Exp . OR Exp
   42    | Exp . RELOP Exp
   43    | Exp . PLUS Exp
   44    | Exp . MINUS Exp
   45    | Exp . STAR Exp
   46    | Exp . DIV Exp
   49    | NOT Exp .
   52    | Exp . LB Exp RB
   53    | Exp . DOT ID

    DOT  shift, and go to state 80
    LB   shift, and go to state 81

    $default  reduce using rule 49 (Exp)


状态 65

   39 Exp: Exp . ASSIGNOP Exp
   40    | Exp . AND Exp
   41    | Exp . OR Exp
   42    | Exp . RELOP Exp
   43    | Exp . PLUS Exp
   44    | Exp . MINUS Exp
   45    | Exp . STAR Exp
   46    | Exp . DIV Exp
   47    | LP Exp . RP
   52    | Exp . LB Exp RB
   53    | Exp . DOT ID

    ASSIGNOP  shift, and go to state 72
    RELOP     shift, and go to state 73
    PLUS      shift, and go to state 74
    MINUS     shift, and go to state 75
    STAR      shift, and go to state 76
    DIV       shift, and go to state 77
    AND       shift, and go to state 78
    OR        shift, and go to state 79
    DOT       shift, and go to state 80
    RP        shift, and go to state 87
    LB        shift, and go to state 81


状态 66

   28 Stmt: RETURN Exp . SEMI
   39 Exp: Exp . ASSIGNOP Exp
   40    | Exp . AND Exp
   41    | Exp . OR Exp
   42    | Exp . RELOP Exp
   43    | Exp . PLUS Exp
   44    | Exp . MINUS Exp
   45    | Exp . STAR Exp
   46    | Exp . DIV Exp
   52    | Exp . LB Exp RB
   53    | Exp . DOT ID

    SEMI      shift, and go to state 88
    ASSIGNOP  shift, and go to state 72
    RELOP     shift, and go to state 73
    PLUS      shift, and go to state 74
    MINUS     shift, and go to state 75
    STAR      shift, and go to state 76
    DIV       shift, and go to state 77
    AND       shift, and go to state 78
    OR        shift, and go to state 79
    DOT       shift, and go to state 80
    LB        shift, and go to state 81


状态 67

   29 Stmt: IF LP . Exp RP Stmt
   30     | IF LP . Exp RP Stmt ELSE Stmt

    INT    shift, and go to state 45
    FLOAT  shift, and go to state 46
    ID     shift, and go to state 47
    MINUS  shift, and go to state 48
    NOT    shift, and go to state 49
    LP     shift, and go to state 50

    Exp  转到状态89


状态 68

   31 Stmt: WHILE LP . Exp RP Stmt

    INT    shift, and go to state 45
    FLOAT  shift, and go to state 46
    ID     shift, and go to state 47
    MINUS  shift, and go to state 48
    NOT    shift, and go to state 49
    LP     shift, and go to state 50

    Exp  转到状态90


状态 69

   23 CompSt: LC DefList StmtList RC .

    $default  reduce using rule 23 (CompSt)


状态 70

   24 StmtList: Stmt StmtList .

    $default  reduce using rule 24 (StmtList)


状态 71

   26 Stmt: Exp SEMI .

    $default  reduce using rule 26 (Stmt)


状态 72

   39 Exp: Exp ASSIGNOP . Exp

    INT    shift, and go to state 45
    FLOAT  shift, and go to state 46
    ID     shift, and go to state 47
    MINUS  shift, and go to state 48
    NOT    shift, and go to state 49
    LP     shift, and go to state 50

    Exp  转到状态91


状态 73

   42 Exp: Exp RELOP . Exp

    INT    shift, and go to state 45
    FLOAT  shift, and go to state 46
    ID     shift, and go to state 47
    MINUS  shift, and go to state 48
    NOT    shift, and go to state 49
    LP     shift, and go to state 50

    Exp  转到状态92


状态 74

   43 Exp: Exp PLUS . Exp

    INT    shift, and go to state 45
    FLOAT  shift, and go to state 46
    ID     shift, and go to state 47
    MINUS  shift, and go to state 48
    NOT    shift, and go to state 49
    LP     shift, and go to state 50

    Exp  转到状态93


状态 75

   44 Exp: Exp MINUS . Exp

    INT    shift, and go to state 45
    FLOAT  shift, and go to state 46
    ID     shift, and go to state 47
    MINUS  shift, and go to state 48
    NOT    shift, and go to state 49
    LP     shift, and go to state 50

    Exp  转到状态94


状态 76

   45 Exp: Exp STAR . Exp

    INT    shift, and go to state 45
    FLOAT  shift, and go to state 46
    ID     shift, and go to state 47
    MINUS  shift, and go to state 48
    NOT    shift, and go to state 49
    LP     shift, and go to state 50

    Exp  转到状态95


状态 77

   46 Exp: Exp DIV . Exp

    INT    shift, and go to state 45
    FLOAT  shift, and go to state 46
    ID     shift, and go to state 47
    MINUS  shift, and go to state 48
    NOT    shift, and go to state 49
    LP     shift, and go to state 50

    Exp  转到状态96


状态 78

   40 Exp: Exp AND . Exp

    INT    shift, and go to state 45
    FLOAT  shift, and go to state 46
    ID     shift, and go to state 47
    MINUS  shift, and go to state 48
    NOT    shift, and go to state 49
    LP     shift, and go to state 50

    Exp  转到状态97


状态 79

   41 Exp: Exp OR . Exp

    INT    shift, and go to state 45
    FLOAT  shift, and go to state 46
    ID     shift, and go to state 47
    MINUS  shift, and go to state 48
    NOT    shift, and go to state 49
    LP     shift, and go to state 50

    Exp  转到状态98


状态 80

   53 Exp: Exp DOT . ID

    ID  shift, and go to state 99


状态 81

   52 Exp: Exp LB . Exp RB

    INT    shift, and go to state 45
    FLOAT  shift, and go to state 46
    ID     shift, and go to state 47
    MINUS  shift, and go to state 48
    NOT    shift, and go to state 49
    LP     shift, and go to state 50

    Exp  转到状态100


状态 82

   38 Dec: VarDec ASSIGNOP Exp .
   39 Exp: Exp . ASSIGNOP Exp
   40    | Exp . AND Exp
   41    | Exp . OR Exp
   42    | Exp . RELOP Exp
   43    | Exp . PLUS Exp
   44    | Exp . MINUS Exp
   45    | Exp . STAR Exp
   46    | Exp . DIV Exp
   52    | Exp . LB Exp RB
   53    | Exp . DOT ID

    ASSIGNOP  shift, and go to state 72
    RELOP     shift, and go to state 73
    PLUS      shift, and go to state 74
    MINUS     shift, and go to state 75
    STAR      shift, and go to state 76
    DIV       shift, and go to state 77
    AND       shift, and go to state 78
    OR        shift, and go to state 79
    DOT       shift, and go to state 80
    LB        shift, and go to state 81

    $default  reduce using rule 38 (Dec)


状态 83

   36 DecList: Dec COMMA DecList .

    $default  reduce using rule 36 (DecList)


状态 84

   51 Exp: ID LP RP .

    $default  reduce using rule 51 (Exp)


状态 85

   39 Exp: Exp . ASSIGNOP Exp
   40    | Exp . AND Exp
   41    | Exp . OR Exp
   42    | Exp . RELOP Exp
   43    | Exp . PLUS Exp
   44    | Exp . MINUS Exp
   45    | Exp . STAR Exp
   46    | Exp . DIV Exp
   52    | Exp . LB Exp RB
   53    | Exp . DOT ID
   57 Args: Exp . COMMA Args
   58     | Exp .

    COMMA     shift, and go to state 101
    ASSIGNOP  shift, and go to state 72
    RELOP     shift, and go to state 73
    PLUS      shift, and go to state 74
    MINUS     shift, and go to state 75
    STAR      shift, and go to state 76
    DIV       shift, and go to state 77
    AND       shift, and go to state 78
    OR        shift, and go to state 79
    DOT       shift, and go to state 80
    LB        shift, and go to state 81

    $default  reduce using rule 58 (Args)


状态 86

   50 Exp: ID LP Args . RP

    RP  shift, and go to state 102


状态 87

   47 Exp: LP Exp RP .

    $default  reduce using rule 47 (Exp)


状态 88

   28 Stmt: RETURN Exp SEMI .

    $default  reduce using rule 28 (Stmt)


状态 89

   29 Stmt: IF LP Exp . RP Stmt
   30     | IF LP Exp . RP Stmt ELSE Stmt
   39 Exp: Exp . ASSIGNOP Exp
   40    | Exp . AND Exp
   41    | Exp . OR Exp
   42    | Exp . RELOP Exp
   43    | Exp . PLUS Exp
   44    | Exp . MINUS Exp
   45    | Exp . STAR Exp
   46    | Exp . DIV Exp
   52    | Exp . LB Exp RB
   53    | Exp . DOT ID

    ASSIGNOP  shift, and go to state 72
    RELOP     shift, and go to state 73
    PLUS      shift, and go to state 74
    MINUS     shift, and go to state 75
    STAR      shift, and go to state 76
    DIV       shift, and go to state 77
    AND       shift, and go to state 78
    OR        shift, and go to state 79
    DOT       shift, and go to state 80
    RP        shift, and go to state 103
    LB        shift, and go to state 81


状态 90

   31 Stmt: WHILE LP Exp . RP Stmt
   39 Exp: Exp . ASSIGNOP Exp
   40    | Exp . AND Exp
   41    | Exp . OR Exp
   42    | Exp . RELOP Exp
   43    | Exp . PLUS Exp
   44    | Exp . MINUS Exp
   45    | Exp . STAR Exp
   46    | Exp . DIV Exp
   52    | Exp . LB Exp RB
   53    | Exp . DOT ID

    ASSIGNOP  shift, and go to state 72
    RELOP     shift, and go to state 73
    PLUS      shift, and go to state 74
    MINUS     shift, and go to state 75
    STAR      shift, and go to state 76
    DIV       shift, and go to state 77
    AND       shift, and go to state 78
    OR        shift, and go to state 79
    DOT       shift, and go to state 80
    RP        shift, and go to state 104
    LB        shift, and go to state 81


状态 91

   39 Exp: Exp . ASSIGNOP Exp
   39    | Exp ASSIGNOP Exp .
   40    | Exp . AND Exp
   41    | Exp . OR Exp
   42    | Exp . RELOP Exp
   43    | Exp . PLUS Exp
   44    | Exp . MINUS Exp
   45    | Exp . STAR Exp
   46    | Exp . DIV Exp
   52    | Exp . LB Exp RB
   53    | Exp . DOT ID

    PLUS   shift, and go to state 74
    MINUS  shift, and go to state 75
    STAR   shift, and go to state 76
    DIV    shift, and go to state 77
    AND    shift, and go to state 78
    OR     shift, and go to state 79
    DOT    shift, and go to state 80
    LB     shift, and go to state 81

    $default  reduce using rule 39 (Exp)


状态 92

   39 Exp: Exp . ASSIGNOP Exp
   40    | Exp . AND Exp
   41    | Exp . OR Exp
   42    | Exp . RELOP Exp
   42    | Exp RELOP Exp .
   43    | Exp . PLUS Exp
   44    | Exp . MINUS Exp
   45    | Exp . STAR Exp
   46    | Exp . DIV Exp
   52    | Exp . LB Exp RB
   53    | Exp . DOT ID

    PLUS   shift, and go to state 74
    MINUS  shift, and go to state 75
    STAR   shift, and go to state 76
    DIV    shift, and go to state 77
    AND    shift, and go to state 78
    OR     shift, and go to state 79
    DOT    shift, and go to state 80
    LB     shift, and go to state 81

    $default  reduce using rule 42 (Exp)


状态 93

   39 Exp: Exp . ASSIGNOP Exp
   40    | Exp . AND Exp
   41    | Exp . OR Exp
   42    | Exp . RELOP Exp
   43    | Exp . PLUS Exp
   43    | Exp PLUS Exp .
   44    | Exp . MINUS Exp
   45    | Exp . STAR Exp
   46    | Exp . DIV Exp
   52    | Exp . LB Exp RB
   53    | Exp . DOT ID

    STAR  shift, and go to state 76
    DIV   shift, and go to state 77
    DOT   shift, and go to state 80
    LB    shift, and go to state 81

    $default  reduce using rule 43 (Exp)


状态 94

   39 Exp: Exp . ASSIGNOP Exp
   40    | Exp . AND Exp
   41    | Exp . OR Exp
   42    | Exp . RELOP Exp
   43    | Exp . PLUS Exp
   44    | Exp . MINUS Exp
   44    | Exp MINUS Exp .
   45    | Exp . STAR Exp
   46    | Exp . DIV Exp
   52    | Exp . LB Exp RB
   53    | Exp . DOT ID

    STAR  shift, and go to state 76
    DIV   shift, and go to state 77
    DOT   shift, and go to state 80
    LB    shift, and go to state 81

    $default  reduce using rule 44 (Exp)


状态 95

   39 Exp: Exp . ASSIGNOP Exp
   40    | Exp . AND Exp
   41    | Exp . OR Exp
   42    | Exp . RELOP Exp
   43    | Exp . PLUS Exp
   44    | Exp . MINUS Exp
   45    | Exp . STAR Exp
   45    | Exp STAR Exp .
   46    | Exp . DIV Exp
   52    | Exp . LB Exp RB
   53    | Exp . DOT ID

    DOT  shift, and go to state 80
    LB   shift, and go to state 81

    $default  reduce using rule 45 (Exp)


状态 96

   39 Exp: Exp . ASSIGNOP Exp
   40    | Exp . AND Exp
   41    | Exp . OR Exp
   42    | Exp . RELOP Exp
   43    | Exp . PLUS Exp
   44    | Exp . MINUS Exp
   45    | Exp . STAR Exp
   46    | Exp . DIV Exp
   46    | Exp DIV Exp .
   52    | Exp . LB Exp RB
   53    | Exp . DOT ID

    DOT  shift, and go to state 80
    LB   shift, and go to state 81

    $default  reduce using rule 46 (Exp)


状态 97

   39 Exp: Exp . ASSIGNOP Exp
   40    | Exp . AND Exp
   40    | Exp AND Exp .
   41    | Exp . OR Exp
   42    | Exp . RELOP Exp
   43    | Exp . PLUS Exp
   44    | Exp . MINUS Exp
   45    | Exp . STAR Exp
   46    | Exp . DIV Exp
   52    | Exp . LB Exp RB
   53    | Exp . DOT ID

    PLUS   shift, and go to state 74
    MINUS  shift, and go to state 75
    STAR   shift, and go to state 76
    DIV    shift, and go to state 77
    DOT    shift, and go to state 80
    LB     shift, and go to state 81

    $default  reduce using rule 40 (Exp)


状态 98

   39 Exp: Exp . ASSIGNOP Exp
   40    | Exp . AND Exp
   41    | Exp . OR Exp
   41    | Exp OR Exp .
   42    | Exp . RELOP Exp
   43    | Exp . PLUS Exp
   44    | Exp . MINUS Exp
   45    | Exp . STAR Exp
   46    | Exp . DIV Exp
   52    | Exp . LB Exp RB
   53    | Exp . DOT ID

    PLUS   shift, and go to state 74
    MINUS  shift, and go to state 75
    STAR   shift, and go to state 76
    DIV    shift, and go to state 77
    AND    shift, and go to state 78
    DOT    shift, and go to state 80
    LB     shift, and go to state 81

    $default  reduce using rule 41 (Exp)


状态 99

   53 Exp: Exp DOT ID .

    $default  reduce using rule 53 (Exp)


状态 100

   39 Exp: Exp . ASSIGNOP Exp
   40    | Exp . AND Exp
   41    | Exp . OR Exp
   42    | Exp . RELOP Exp
   43    | Exp . PLUS Exp
   44    | Exp . MINUS Exp
   45    | Exp . STAR Exp
   46    | Exp . DIV Exp
   52    | Exp . LB Exp RB
   52    | Exp LB Exp . RB
   53    | Exp . DOT ID

    ASSIGNOP  shift, and go to state 72
    RELOP     shift, and go to state 73
    PLUS      shift, and go to state 74
    MINUS     shift, and go to state 75
    STAR      shift, and go to state 76
    DIV       shift, and go to state 77
    AND       shift, and go to state 78
    OR        shift, and go to state 79
    DOT       shift, and go to state 80
    LB        shift, and go to state 81
    RB        shift, and go to state 105


状态 101

   57 Args: Exp COMMA . Args

    INT    shift, and go to state 45
    FLOAT  shift, and go to state 46
    ID     shift, and go to state 47
    MINUS  shift, and go to state 48
    NOT    shift, and go to state 49
    LP     shift, and go to state 50

    Exp   转到状态85
    Args  转到状态106


状态 102

   50 Exp: ID LP Args RP .

    $default  reduce using rule 50 (Exp)


状态 103

   29 Stmt: IF LP Exp RP . Stmt
   30     | IF LP Exp RP . Stmt ELSE Stmt

    INT     shift, and go to state 45
    FLOAT   shift, and go to state 46
    ID      shift, and go to state 47
    MINUS   shift, and go to state 48
    NOT     shift, and go to state 49
    LP      shift, and go to state 50
    LC      shift, and go to state 23
    RETURN  shift, and go to state 51
    IF      shift, and go to state 52
    WHILE   shift, and go to state 53

    CompSt  转到状态54
    Stmt    转到状态107
    Exp     转到状态57


状态 104

   31 Stmt: WHILE LP Exp RP . Stmt

    INT     shift, and go to state 45
    FLOAT   shift, and go to state 46
    ID      shift, and go to state 47
    MINUS   shift, and go to state 48
    NOT     shift, and go to state 49
    LP      shift, and go to state 50
    LC      shift, and go to state 23
    RETURN  shift, and go to state 51
    IF      shift, and go to state 52
    WHILE   shift, and go to state 53

    CompSt  转到状态54
    Stmt    转到状态108
    Exp     转到状态57


状态 105

   52 Exp: Exp LB Exp RB .

    $default  reduce using rule 52 (Exp)


状态 106

   57 Args: Exp COMMA Args .

    $default  reduce using rule 57 (Args)


状态 107

   29 Stmt: IF LP Exp RP Stmt .
   30     | IF LP Exp RP Stmt . ELSE Stmt

    ELSE  shift, and go to state 109

    $default  reduce using rule 29 (Stmt)


状态 108

   31 Stmt: WHILE LP Exp RP Stmt .

    $default  reduce using rule 31 (Stmt)


状态 109

   30 Stmt: IF LP Exp RP Stmt ELSE . Stmt

    INT     shift, and go to state 45
    FLOAT   shift, and go to state 46
    ID      shift, and go to state 47
    MINUS   shift, and go to state 48
    NOT     shift, and go to state 49
    LP      shift, and go to state 50
    LC      shift, and go to state 23
    RETURN  shift, and go to state 51
    IF      shift, and go to state 52
    WHILE   shift, and go to state 53

    CompSt  转到状态54
    Stmt    转到状态110
    Exp     转到状态57


状态 110

   30 Stmt: IF LP Exp RP Stmt ELSE Stmt .

    $default  reduce using rule 30 (Stmt)
